2021-12-18 15:34:00 Loading main app package /tmp/.mount_obsidi8lSJZw/resources/obsidian.asar
2021-12-18 15:34:03 Checking for update using Github
2021-12-18 15:34:08 Success.
2021-12-18 15:34:08 Latest version is 0.12.19
2021-12-18 15:34:08 App is up to date.
2021-12-18 17:41:54 Loading main app package /tmp/.mount_obsidi68XTXK/resources/obsidian.asar
2021-12-18 17:41:55 Checking for update using Github
2021-12-18 17:41:56 Success.
2021-12-18 17:41:56 Latest version is 0.12.19
2021-12-18 17:41:56 App is up to date.
2021-12-18 18:41:54 Checking for update using Github
2021-12-18 18:41:54 Success.
2021-12-18 18:41:54 Latest version is 0.12.19
2021-12-18 18:41:54 App is up to date.
2021-12-24 12:49:09 Loading main app package /tmp/.mount_obsidio3Rqtb/resources/obsidian.asar
2021-12-24 12:49:11 Checking for update using Github
2021-12-24 12:49:11 Success.
2021-12-24 12:49:11 Latest version is 0.13.14
2021-12-24 12:49:11 Downloading update from https://github.com/obsidianmd/obsidian-releases/releases/download/v0.13.14/obsidian-0.13.14.asar.gz
2021-12-24 12:49:16 Verifying hash & signature. Size= 11893966
2021-12-24 12:49:16 Saving file
2021-12-24 12:49:16 Update complete.
2021-12-24 13:49:09 Checking for update using Github
2021-12-24 13:49:10 Success.
2021-12-24 13:49:10 Latest version is 0.13.14
2021-12-24 13:49:10 An update is already downloaded.
2021-12-24 14:49:10 Checking for update using Github
2021-12-24 14:49:15 Success.
2021-12-24 14:49:15 Latest version is 0.13.14
2021-12-24 14:49:15 An update is already downloaded.
2021-12-24 15:49:10 Checking for update using Github
2021-12-24 15:49:11 Success.
2021-12-24 15:49:11 Latest version is 0.13.14
2021-12-24 15:49:11 An update is already downloaded.
2021-12-24 16:49:10 Checking for update using Github
2021-12-24 16:49:12 Success.
2021-12-24 16:49:12 Latest version is 0.13.14
2021-12-24 16:49:12 An update is already downloaded.
2021-12-25 07:37:24 Loading updated app package /home/qaqulya/.config/obsidian/obsidian-0.13.14.asar
2021-12-25 07:37:25 Checking for update using Github
2021-12-25 07:37:26 Success.
2021-12-25 07:37:26 Latest version is 0.13.14
2021-12-25 07:37:26 App is up to date.
2021-12-25 07:39:41 Loading updated app package /home/qaqulya/.config/obsidian/obsidian-0.13.14.asar
2021-12-25 07:39:46 Checking for update using Github
2021-12-26 17:54:29 Loading main app package /tmp/.mount_obsidi7mT1E8/resources/obsidian.asar
2021-12-26 17:54:33 Checking for update using Github
2021-12-26 17:54:34 Success.
2021-12-26 17:54:34 Latest version is 0.13.14
2021-12-26 17:54:34 App is up to date.
