[2021-12-04 20:26:47.938] [debug] Error: libcurl-gnutls.so.4: cannot open shared object file: No such file or directory
    at process.module.(anonymous function) [as dlopen] (ELECTRON_ASAR.js:166:20)
    at Object.Module._extensions..node (module.js:671:18)
    at Object.module.(anonymous function) [as .node] (ELECTRON_ASAR.js:180:18)
    at Module.load (module.js:561:32)
    at tryModuleLoad (module.js:504:12)
    at Function.Module._load (module.js:496:3)
    at Module.require (module.js:586:17)
    at require (internal/module.js:11:18)
    at Object.<anonymous> (/tmp/.mount_gitnotk2EQFy/resources/app.asar/node_modules/nodegit/dist/nodegit.js:12:12)
    at Object.<anonymous> (/tmp/.mount_gitnotk2EQFy/resources/app.asar/node_modules/nodegit/dist/nodegit.js:1145:3)
[2021-12-04 20:36:17.424] [debug] Error: libcurl-gnutls.so.4: cannot open shared object file: No such file or directory
    at process.module.(anonymous function) [as dlopen] (ELECTRON_ASAR.js:166:20)
    at Object.Module._extensions..node (module.js:671:18)
    at Object.module.(anonymous function) [as .node] (ELECTRON_ASAR.js:180:18)
    at Module.load (module.js:561:32)
    at tryModuleLoad (module.js:504:12)
    at Function.Module._load (module.js:496:3)
    at Module.require (module.js:586:17)
    at require (internal/module.js:11:18)
    at Object.<anonymous> (/tmp/.mount_gitnotZN1SJx/resources/app.asar/node_modules/nodegit/dist/nodegit.js:12:12)
    at Object.<anonymous> (/tmp/.mount_gitnotZN1SJx/resources/app.asar/node_modules/nodegit/dist/nodegit.js:1145:3)
[2021-12-04 20:50:32.985] [debug] Error: libcurl-gnutls.so.4: cannot open shared object file: No such file or directory
    at process.module.(anonymous function) [as dlopen] (ELECTRON_ASAR.js:166:20)
    at Object.Module._extensions..node (module.js:671:18)
    at Object.module.(anonymous function) [as .node] (ELECTRON_ASAR.js:180:18)
    at Module.load (module.js:561:32)
    at tryModuleLoad (module.js:504:12)
    at Function.Module._load (module.js:496:3)
    at Module.require (module.js:586:17)
    at require (internal/module.js:11:18)
    at Object.<anonymous> (/tmp/.mount_gitnotQMhDqj/resources/app.asar/node_modules/nodegit/dist/nodegit.js:12:12)
    at Object.<anonymous> (/tmp/.mount_gitnotQMhDqj/resources/app.asar/node_modules/nodegit/dist/nodegit.js:1145:3)
[2021-12-04 22:29:28.971] [debug] Error: libcurl-gnutls.so.4: cannot open shared object file: No such file or directory
    at process.module.(anonymous function) [as dlopen] (ELECTRON_ASAR.js:166:20)
    at Object.Module._extensions..node (module.js:671:18)
    at Object.module.(anonymous function) [as .node] (ELECTRON_ASAR.js:180:18)
    at Module.load (module.js:561:32)
    at tryModuleLoad (module.js:504:12)
    at Function.Module._load (module.js:496:3)
    at Module.require (module.js:586:17)
    at require (internal/module.js:11:18)
    at Object.<anonymous> (/tmp/.mount_gitnotdJKyum/resources/app.asar/node_modules/nodegit/dist/nodegit.js:12:12)
    at Object.<anonymous> (/tmp/.mount_gitnotdJKyum/resources/app.asar/node_modules/nodegit/dist/nodegit.js:1145:3)
[2021-12-04 22:31:41.942] [debug] Error: libcrypto.so.1.0.0: cannot open shared object file: No such file or directory
    at process.module.(anonymous function) [as dlopen] (ELECTRON_ASAR.js:166:20)
    at Object.Module._extensions..node (module.js:671:18)
    at Object.module.(anonymous function) [as .node] (ELECTRON_ASAR.js:180:18)
    at Module.load (module.js:561:32)
    at tryModuleLoad (module.js:504:12)
    at Function.Module._load (module.js:496:3)
    at Module.require (module.js:586:17)
    at require (internal/module.js:11:18)
    at Object.<anonymous> (/tmp/.mount_gitnotQd1Ffj/resources/app.asar/node_modules/nodegit/dist/nodegit.js:12:12)
    at Object.<anonymous> (/tmp/.mount_gitnotQd1Ffj/resources/app.asar/node_modules/nodegit/dist/nodegit.js:1145:3)
[2021-12-04 22:34:49.273] [debug] Error: libcrypto.so.1.0.0: cannot open shared object file: No such file or directory
    at process.module.(anonymous function) [as dlopen] (ELECTRON_ASAR.js:166:20)
    at Object.Module._extensions..node (module.js:671:18)
    at Object.module.(anonymous function) [as .node] (ELECTRON_ASAR.js:180:18)
    at Module.load (module.js:561:32)
    at tryModuleLoad (module.js:504:12)
    at Function.Module._load (module.js:496:3)
    at Module.require (module.js:586:17)
    at require (internal/module.js:11:18)
    at Object.<anonymous> (/tmp/.mount_gitnotzANFyj/resources/app.asar/node_modules/nodegit/dist/nodegit.js:12:12)
    at Object.<anonymous> (/tmp/.mount_gitnotzANFyj/resources/app.asar/node_modules/nodegit/dist/nodegit.js:1145:3)
[2021-12-04 22:35:41.696] [debug] Error: libssl.so.1.0.0: cannot open shared object file: No such file or directory
    at process.module.(anonymous function) [as dlopen] (ELECTRON_ASAR.js:166:20)
    at Object.Module._extensions..node (module.js:671:18)
    at Object.module.(anonymous function) [as .node] (ELECTRON_ASAR.js:180:18)
    at Module.load (module.js:561:32)
    at tryModuleLoad (module.js:504:12)
    at Function.Module._load (module.js:496:3)
    at Module.require (module.js:586:17)
    at require (internal/module.js:11:18)
    at Object.<anonymous> (/tmp/.mount_gitnot9L1V3U/resources/app.asar/node_modules/nodegit/dist/nodegit.js:12:12)
    at Object.<anonymous> (/tmp/.mount_gitnot9L1V3U/resources/app.asar/node_modules/nodegit/dist/nodegit.js:1145:3)
[2021-12-04 22:36:25.189] [debug] Error: /lib64/libcrypto.so.1.0.0: version `OPENSSL_1.0.1' not found (required by /tmp/.mount_gitnotight4H/resources/app.asar.unpacked/node_modules/nodegit/build/Release/nodegit.node)
    at process.module.(anonymous function) [as dlopen] (ELECTRON_ASAR.js:166:20)
    at Object.Module._extensions..node (module.js:671:18)
    at Object.module.(anonymous function) [as .node] (ELECTRON_ASAR.js:180:18)
    at Module.load (module.js:561:32)
    at tryModuleLoad (module.js:504:12)
    at Function.Module._load (module.js:496:3)
    at Module.require (module.js:586:17)
    at require (internal/module.js:11:18)
    at Object.<anonymous> (/tmp/.mount_gitnotight4H/resources/app.asar/node_modules/nodegit/dist/nodegit.js:12:12)
    at Object.<anonymous> (/tmp/.mount_gitnotight4H/resources/app.asar/node_modules/nodegit/dist/nodegit.js:1145:3)
[2021-12-04 22:37:19.245] [debug] Error: libssl.so.1.0.0: cannot open shared object file: Too many levels of symbolic links
    at process.module.(anonymous function) [as dlopen] (ELECTRON_ASAR.js:166:20)
    at Object.Module._extensions..node (module.js:671:18)
    at Object.module.(anonymous function) [as .node] (ELECTRON_ASAR.js:180:18)
    at Module.load (module.js:561:32)
    at tryModuleLoad (module.js:504:12)
    at Function.Module._load (module.js:496:3)
    at Module.require (module.js:586:17)
    at require (internal/module.js:11:18)
    at Object.<anonymous> (/tmp/.mount_gitnotdVdMGG/resources/app.asar/node_modules/nodegit/dist/nodegit.js:12:12)
    at Object.<anonymous> (/tmp/.mount_gitnotdVdMGG/resources/app.asar/node_modules/nodegit/dist/nodegit.js:1145:3)
[2021-12-04 22:38:50.375] [debug] Error: libssl.so.1.0.0: cannot open shared object file: No such file or directory
    at process.module.(anonymous function) [as dlopen] (ELECTRON_ASAR.js:166:20)
    at Object.Module._extensions..node (module.js:671:18)
    at Object.module.(anonymous function) [as .node] (ELECTRON_ASAR.js:180:18)
    at Module.load (module.js:561:32)
    at tryModuleLoad (module.js:504:12)
    at Function.Module._load (module.js:496:3)
    at Module.require (module.js:586:17)
    at require (internal/module.js:11:18)
    at Object.<anonymous> (/tmp/.mount_gitnottGb8jm/resources/app.asar/node_modules/nodegit/dist/nodegit.js:12:12)
    at Object.<anonymous> (/tmp/.mount_gitnottGb8jm/resources/app.asar/node_modules/nodegit/dist/nodegit.js:1145:3)
[2021-12-04 22:39:31.849] [debug] Error: libssl.so.1.0.0: cannot open shared object file: No such file or directory
    at process.module.(anonymous function) [as dlopen] (ELECTRON_ASAR.js:166:20)
    at Object.Module._extensions..node (module.js:671:18)
    at Object.module.(anonymous function) [as .node] (ELECTRON_ASAR.js:180:18)
    at Module.load (module.js:561:32)
    at tryModuleLoad (module.js:504:12)
    at Function.Module._load (module.js:496:3)
    at Module.require (module.js:586:17)
    at require (internal/module.js:11:18)
    at Object.<anonymous> (/tmp/.mount_gitnot1Ejqux/resources/app.asar/node_modules/nodegit/dist/nodegit.js:12:12)
    at Object.<anonymous> (/tmp/.mount_gitnot1Ejqux/resources/app.asar/node_modules/nodegit/dist/nodegit.js:1145:3)
[2021-12-04 22:40:47.067] [debug] Error: libcrypto.so.1.0.0: cannot open shared object file: No such file or directory
    at process.module.(anonymous function) [as dlopen] (ELECTRON_ASAR.js:166:20)
    at Object.Module._extensions..node (module.js:671:18)
    at Object.module.(anonymous function) [as .node] (ELECTRON_ASAR.js:180:18)
    at Module.load (module.js:561:32)
    at tryModuleLoad (module.js:504:12)
    at Function.Module._load (module.js:496:3)
    at Module.require (module.js:586:17)
    at require (internal/module.js:11:18)
    at Object.<anonymous> (/tmp/.mount_gitnotTOERlE/resources/app.asar/node_modules/nodegit/dist/nodegit.js:12:12)
    at Object.<anonymous> (/tmp/.mount_gitnotTOERlE/resources/app.asar/node_modules/nodegit/dist/nodegit.js:1145:3)
[2021-12-05 13:54:07.978] [debug] Error: libcrypto.so.1.0.0: cannot open shared object file: No such file or directory
    at process.module.(anonymous function) [as dlopen] (ELECTRON_ASAR.js:166:20)
    at Object.Module._extensions..node (module.js:671:18)
    at Object.module.(anonymous function) [as .node] (ELECTRON_ASAR.js:180:18)
    at Module.load (module.js:561:32)
    at tryModuleLoad (module.js:504:12)
    at Function.Module._load (module.js:496:3)
    at Module.require (module.js:586:17)
    at require (internal/module.js:11:18)
    at Object.<anonymous> (/tmp/.mount_gitnotkPyfDK/resources/app.asar/node_modules/nodegit/dist/nodegit.js:12:12)
    at Object.<anonymous> (/tmp/.mount_gitnotkPyfDK/resources/app.asar/node_modules/nodegit/dist/nodegit.js:1145:3)
[2021-12-05 14:15:18.882] [debug] Error: libcrypto.so.1.0.0: cannot open shared object file: No such file or directory
    at process.module.(anonymous function) [as dlopen] (ELECTRON_ASAR.js:166:20)
    at Object.Module._extensions..node (module.js:671:18)
    at Object.module.(anonymous function) [as .node] (ELECTRON_ASAR.js:180:18)
    at Module.load (module.js:561:32)
    at tryModuleLoad (module.js:504:12)
    at Function.Module._load (module.js:496:3)
    at Module.require (module.js:586:17)
    at require (internal/module.js:11:18)
    at Object.<anonymous> (/tmp/.mount_gitnotTRTKxn/resources/app.asar/node_modules/nodegit/dist/nodegit.js:12:12)
    at Object.<anonymous> (/tmp/.mount_gitnotTRTKxn/resources/app.asar/node_modules/nodegit/dist/nodegit.js:1145:3)
[2021-12-05 15:19:36.677] [debug] Error: libcurl-gnutls.so.4: cannot open shared object file: No such file or directory
    at process.module.(anonymous function) [as dlopen] (ELECTRON_ASAR.js:166:20)
    at Object.Module._extensions..node (module.js:671:18)
    at Object.module.(anonymous function) [as .node] (ELECTRON_ASAR.js:180:18)
    at Module.load (module.js:561:32)
    at tryModuleLoad (module.js:504:12)
    at Function.Module._load (module.js:496:3)
    at Module.require (module.js:586:17)
    at require (internal/module.js:11:18)
    at Object.<anonymous> (/tmp/.mount_GitNoteO08T7/resources/app.asar/node_modules/nodegit/dist/nodegit.js:12:12)
    at Object.<anonymous> (/tmp/.mount_GitNoteO08T7/resources/app.asar/node_modules/nodegit/dist/nodegit.js:1145:3)
[2021-12-05 15:20:17.079] [debug] Error: libcrypto.so.1.0.0: cannot open shared object file: No such file or directory
    at process.module.(anonymous function) [as dlopen] (ELECTRON_ASAR.js:166:20)
    at Object.Module._extensions..node (module.js:671:18)
    at Object.module.(anonymous function) [as .node] (ELECTRON_ASAR.js:180:18)
    at Module.load (module.js:561:32)
    at tryModuleLoad (module.js:504:12)
    at Function.Module._load (module.js:496:3)
    at Module.require (module.js:586:17)
    at require (internal/module.js:11:18)
    at Object.<anonymous> (/tmp/.mount_gitnotaNzEJT/resources/app.asar/node_modules/nodegit/dist/nodegit.js:12:12)
    at Object.<anonymous> (/tmp/.mount_gitnotaNzEJT/resources/app.asar/node_modules/nodegit/dist/nodegit.js:1145:3)
[2021-12-05 15:26:28.088] [debug] Error: libcrypto.so.1.0.0: cannot open shared object file: No such file or directory
    at process.module.(anonymous function) [as dlopen] (ELECTRON_ASAR.js:166:20)
    at Object.Module._extensions..node (module.js:671:18)
    at Object.module.(anonymous function) [as .node] (ELECTRON_ASAR.js:180:18)
    at Module.load (module.js:561:32)
    at tryModuleLoad (module.js:504:12)
    at Function.Module._load (module.js:496:3)
    at Module.require (module.js:586:17)
    at require (internal/module.js:11:18)
    at Object.<anonymous> (/tmp/.mount_gitnotBFVitb/resources/app.asar/node_modules/nodegit/dist/nodegit.js:12:12)
    at Object.<anonymous> (/tmp/.mount_gitnotBFVitb/resources/app.asar/node_modules/nodegit/dist/nodegit.js:1145:3)
[2021-12-05 15:27:48.992] [debug] Error: libcrypto.so.1.0.0: cannot open shared object file: No such file or directory
    at process.module.(anonymous function) [as dlopen] (ELECTRON_ASAR.js:166:20)
    at Object.Module._extensions..node (module.js:671:18)
    at Object.module.(anonymous function) [as .node] (ELECTRON_ASAR.js:180:18)
    at Module.load (module.js:561:32)
    at tryModuleLoad (module.js:504:12)
    at Function.Module._load (module.js:496:3)
    at Module.require (module.js:586:17)
    at require (internal/module.js:11:18)
    at Object.<anonymous> (/tmp/.mount_gitnotDs58Nn/resources/app.asar/node_modules/nodegit/dist/nodegit.js:12:12)
    at Object.<anonymous> (/tmp/.mount_gitnotDs58Nn/resources/app.asar/node_modules/nodegit/dist/nodegit.js:1145:3)
[2021-12-05 15:28:16.280] [debug] Error: libcrypto.so.1.0.0: cannot open shared object file: No such file or directory
    at process.module.(anonymous function) [as dlopen] (ELECTRON_ASAR.js:166:20)
    at Object.Module._extensions..node (module.js:671:18)
    at Object.module.(anonymous function) [as .node] (ELECTRON_ASAR.js:180:18)
    at Module.load (module.js:561:32)
    at tryModuleLoad (module.js:504:12)
    at Function.Module._load (module.js:496:3)
    at Module.require (module.js:586:17)
    at require (internal/module.js:11:18)
    at Object.<anonymous> (/tmp/.mount_gitnot5LtXwg/resources/app.asar/node_modules/nodegit/dist/nodegit.js:12:12)
    at Object.<anonymous> (/tmp/.mount_gitnot5LtXwg/resources/app.asar/node_modules/nodegit/dist/nodegit.js:1145:3)
[2021-12-06 22:20:27.994] [debug] Error: libcurl-gnutls.so.4: cannot open shared object file: No such file or directory
    at process.module.(anonymous function) [as dlopen] (ELECTRON_ASAR.js:166:20)
    at Object.Module._extensions..node (module.js:671:18)
    at Object.module.(anonymous function) [as .node] (ELECTRON_ASAR.js:180:18)
    at Module.load (module.js:561:32)
    at tryModuleLoad (module.js:504:12)
    at Function.Module._load (module.js:496:3)
    at Module.require (module.js:586:17)
    at require (internal/module.js:11:18)
    at Object.<anonymous> (/tmp/.mount_gitnot4Wvd8A/resources/app.asar/node_modules/nodegit/dist/nodegit.js:12:12)
    at Object.<anonymous> (/tmp/.mount_gitnot4Wvd8A/resources/app.asar/node_modules/nodegit/dist/nodegit.js:1145:3)
[2021-12-14 13:19:23.537] [debug] Error: libcurl-gnutls.so.4: cannot open shared object file: No such file or directory
    at process.module.(anonymous function) [as dlopen] (ELECTRON_ASAR.js:166:20)
    at Object.Module._extensions..node (module.js:671:18)
    at Object.module.(anonymous function) [as .node] (ELECTRON_ASAR.js:180:18)
    at Module.load (module.js:561:32)
    at tryModuleLoad (module.js:504:12)
    at Function.Module._load (module.js:496:3)
    at Module.require (module.js:586:17)
    at require (internal/module.js:11:18)
    at Object.<anonymous> (/tmp/.mount_gitnothEdgIn/resources/app.asar/node_modules/nodegit/dist/nodegit.js:12:12)
    at Object.<anonymous> (/tmp/.mount_gitnothEdgIn/resources/app.asar/node_modules/nodegit/dist/nodegit.js:1145:3)
